  meal_planner.cpp
c:\users\nikola\documents\github\meal-planner\meal planner\meal_planner.cpp(83): warning C4244: 'initializing': conversion from '__int64' to 'int', possible loss of data
c:\program files (x86)\microsoft visual studio\2017\community\vc\tools\msvc\14.16.27023\include\xutility(1108): error C2664: 'bool (const recipe &,const recipe &)': cannot convert argument 2 from 'product' to 'const recipe &'
  c:\program files (x86)\microsoft visual studio\2017\community\vc\tools\msvc\14.16.27023\include\xutility(1108): note: Reason: cannot convert from 'product' to 'const recipe'
  c:\program files (x86)\microsoft visual studio\2017\community\vc\tools\msvc\14.16.27023\include\xutility(1108): note: No user-defined-conversion operator available that can perform this conversion, or the operator cannot be called
  c:\program files (x86)\microsoft visual studio\2017\community\vc\tools\msvc\14.16.27023\include\xutility(1107): note: see reference to function template instantiation 'bool std::_Debug_lt_pred<bool(__cdecl *&)(const recipe &,const recipe &),product&,product&>(_Pr,_Ty1,_Ty2) noexcept(<expr>)' being compiled
          with
          [
              _Pr=bool (__cdecl *&)(const recipe &,const recipe &),
              _Ty1=product &,
              _Ty2=product &
          ]
  c:\program files (x86)\microsoft visual studio\2017\community\vc\tools\msvc\14.16.27023\include\algorithm(4000): note: see reference to function template instantiation 'std::pair<_RanIt,_RanIt> std::_Partition_by_median_guess_unchecked<_RanIt,bool(__cdecl *)(const recipe &,const recipe &)>(_RanIt,_RanIt,_Pr)' being compiled
          with
          [
              _RanIt=product *,
              _Pr=bool (__cdecl *)(const recipe &,const recipe &)
          ]
  c:\program files (x86)\microsoft visual studio\2017\community\vc\tools\msvc\14.16.27023\include\algorithm(4034): note: see reference to function template instantiation 'void std::_Sort_unchecked<product*,bool(__cdecl *)(const recipe &,const recipe &)>(_RanIt,_RanIt,__int64,_Pr)' being compiled
          with
          [
              _RanIt=product *,
              _Pr=bool (__cdecl *)(const recipe &,const recipe &)
          ]
  c:\users\nikola\documents\github\meal-planner\meal planner\meal_planner.cpp(40): note: see reference to function template instantiation 'void std::sort<std::_Vector_iterator<std::_Vector_val<std::_Simple_types<_Ty>>>,bool(__cdecl *)(const recipe &,const recipe &)>(const _RanIt,const _RanIt,_Pr)' being compiled
          with
          [
              _Ty=product,
              _RanIt=std::_Vector_iterator<std::_Vector_val<std::_Simple_types<product>>>,
              _Pr=bool (__cdecl *)(const recipe &,const recipe &)
          ]
c:\program files (x86)\microsoft visual studio\2017\community\vc\tools\msvc\14.16.27023\include\xutility(1108): error C2664: 'bool (const recipe &,const recipe &)': cannot convert argument 1 from 'product' to 'const recipe &'
  c:\program files (x86)\microsoft visual studio\2017\community\vc\tools\msvc\14.16.27023\include\xutility(1108): note: Reason: cannot convert from 'product' to 'const recipe'
  c:\program files (x86)\microsoft visual studio\2017\community\vc\tools\msvc\14.16.27023\include\xutility(1108): note: No user-defined-conversion operator available that can perform this conversion, or the operator cannot be called
c:\program files (x86)\microsoft visual studio\2017\community\vc\tools\msvc\14.16.27023\include\algorithm(3907): error C2664: 'bool (const recipe &,const recipe &)': cannot convert argument 2 from 'product' to 'const recipe &'
  c:\program files (x86)\microsoft visual studio\2017\community\vc\tools\msvc\14.16.27023\include\algorithm(3907): note: Reason: cannot convert from 'product' to 'const recipe'
  c:\program files (x86)\microsoft visual studio\2017\community\vc\tools\msvc\14.16.27023\include\algorithm(3907): note: No user-defined-conversion operator available that can perform this conversion, or the operator cannot be called
c:\program files (x86)\microsoft visual studio\2017\community\vc\tools\msvc\14.16.27023\include\algorithm(3907): error C2664: 'bool (const recipe &,const recipe &)': cannot convert argument 1 from 'product' to 'const recipe &'
  c:\program files (x86)\microsoft visual studio\2017\community\vc\tools\msvc\14.16.27023\include\algorithm(3907): note: Reason: cannot convert from 'product' to 'const recipe'
  c:\program files (x86)\microsoft visual studio\2017\community\vc\tools\msvc\14.16.27023\include\algorithm(3907): note: No user-defined-conversion operator available that can perform this conversion, or the operator cannot be called
c:\program files (x86)\microsoft visual studio\2017\community\vc\tools\msvc\14.16.27023\include\algorithm(3914): error C2664: 'bool (const recipe &,const recipe &)': cannot convert argument 2 from 'product' to 'const recipe &'
  c:\program files (x86)\microsoft visual studio\2017\community\vc\tools\msvc\14.16.27023\include\algorithm(3914): note: Reason: cannot convert from 'product' to 'const recipe'
  c:\program files (x86)\microsoft visual studio\2017\community\vc\tools\msvc\14.16.27023\include\algorithm(3914): note: No user-defined-conversion operator available that can perform this conversion, or the operator cannot be called
c:\program files (x86)\microsoft visual studio\2017\community\vc\tools\msvc\14.16.27023\include\algorithm(3914): error C2664: 'bool (const recipe &,const recipe &)': cannot convert argument 1 from 'product' to 'const recipe &'
  c:\program files (x86)\microsoft visual studio\2017\community\vc\tools\msvc\14.16.27023\include\algorithm(3914): note: Reason: cannot convert from 'product' to 'const recipe'
  c:\program files (x86)\microsoft visual studio\2017\community\vc\tools\msvc\14.16.27023\include\algorithm(3914): note: No user-defined-conversion operator available that can perform this conversion, or the operator cannot be called
c:\program files (x86)\microsoft visual studio\2017\community\vc\tools\msvc\14.16.27023\include\algorithm(3929): error C2664: 'bool (const recipe &,const recipe &)': cannot convert argument 2 from 'product' to 'const recipe &'
  c:\program files (x86)\microsoft visual studio\2017\community\vc\tools\msvc\14.16.27023\include\algorithm(3929): note: Reason: cannot convert from 'product' to 'const recipe'
  c:\program files (x86)\microsoft visual studio\2017\community\vc\tools\msvc\14.16.27023\include\algorithm(3929): note: No user-defined-conversion operator available that can perform this conversion, or the operator cannot be called
c:\program files (x86)\microsoft visual studio\2017\community\vc\tools\msvc\14.16.27023\include\algorithm(3929): error C2664: 'bool (const recipe &,const recipe &)': cannot convert argument 1 from 'product' to 'const recipe &'
  c:\program files (x86)\microsoft visual studio\2017\community\vc\tools\msvc\14.16.27023\include\algorithm(3929): note: Reason: cannot convert from 'product' to 'const recipe'
  c:\program files (x86)\microsoft visual studio\2017\community\vc\tools\msvc\14.16.27023\include\algorithm(3929): note: No user-defined-conversion operator available that can perform this conversion, or the operator cannot be called
c:\program files (x86)\microsoft visual studio\2017\community\vc\tools\msvc\14.16.27023\include\algorithm(3949): error C2664: 'bool (const recipe &,const recipe &)': cannot convert argument 2 from 'product' to 'const recipe &'
  c:\program files (x86)\microsoft visual studio\2017\community\vc\tools\msvc\14.16.27023\include\algorithm(3949): note: Reason: cannot convert from 'product' to 'const recipe'
  c:\program files (x86)\microsoft visual studio\2017\community\vc\tools\msvc\14.16.27023\include\algorithm(3949): note: No user-defined-conversion operator available that can perform this conversion, or the operator cannot be called
c:\program files (x86)\microsoft visual studio\2017\community\vc\tools\msvc\14.16.27023\include\algorithm(3949): error C2664: 'bool (const recipe &,const recipe &)': cannot convert argument 1 from 'product' to 'const recipe &'
  c:\program files (x86)\microsoft visual studio\2017\community\vc\tools\msvc\14.16.27023\include\algorithm(3949): note: Reason: cannot convert from 'product' to 'const recipe'
  c:\program files (x86)\microsoft visual studio\2017\community\vc\tools\msvc\14.16.27023\include\algorithm(3949): note: No user-defined-conversion operator available that can perform this conversion, or the operator cannot be called
